<?xml version="1.0" encoding="UTF-8"?>
<testng-results skipped="0" failed="0" ignored="0" total="1" passed="1">
  <reporter-output>
  </reporter-output>
  <suite name="Default suite" duration-ms="20" started-at="2019-08-10T06:43:30Z" finished-at="2019-08-10T06:43:30Z">
    <groups>
    </groups>
    <test name="Default test" duration-ms="20" started-at="2019-08-10T06:43:30Z" finished-at="2019-08-10T06:43:30Z">
      <class name="com.mst.appium.calling.ContactTest">
        <test-method status="PASS" signature="initBrowser()[pri:0, instance:com.mst.appium.calling.ContactTest@614ddd49]" name="initBrowser" is-config="true" duration-ms="7" started-at="2019-08-10T12:13:30Z" finished-at="2019-08-10T12:13:30Z">
          <reporter-output>
          </reporter-output>
        </test-method> <!-- initBrowser -->
        <test-method status="PASS" signature="verifyDeletContact()[pri:0, instance:com.mst.appium.calling.ContactTest@614ddd49]" name="verifyDeletContact" duration-ms="5" started-at="2019-08-10T12:13:30Z" finished-at="2019-08-10T12:13:30Z">
          <reporter-output>
          </reporter-output>
        </test-method> <!-- verifyDeletContact -->
        <test-method status="PASS" signature="afterSuite()[pri:0, instance:com.mst.appium.calling.ContactTest@614ddd49]" name="afterSuite" is-config="true" duration-ms="0" started-at="2019-08-10T12:13:30Z" finished-at="2019-08-10T12:13:30Z">
          <reporter-output>
          </reporter-output>
        </test-method> <!-- afterSuite -->
      </class> <!-- com.mst.appium.calling.ContactTest -->
    </test> <!-- Default test -->
  </suite> <!-- Default suite -->
</testng-results>
